The system is: Linux - sh: 0: getcwd() failed: No such file or directory
4.15.0-65-generic - sh: 0: getcwd() failed: No such file or directory
x86_64
Determining if the C compiler works passed with the following output:
Change Dir: /home/lixing/Algorithm/Course_1/A2/build/CMakeFiles/CMakeTmp

Run Build Command:"/usr/bin/make" "cmTC_81a3c/fast"
/usr/bin/make -f CMakeFiles/cmTC_81a3c.dir/build.make CMakeFiles/cmTC_81a3c.dir/build
make[1]: Entering directory '/home/lixing/Algorithm/Course_1/A2/build/CMakeFiles/CMakeTmp'
Building C object CMakeFiles/cmTC_81a3c.dir/testCCompiler.c.o
/usr/bin/gcc-5    -o CMakeFiles/cmTC_81a3c.dir/testCCompiler.c.o   -c /home/lixing/Algorithm/Course_1/A2/build/CMakeFiles/CMakeTmp/testCCompiler.c
Linking C executable cmTC_81a3c
/opt/cmake-3.9.1/bin/cmake -E cmake_link_script CMakeFiles/cmTC_81a3c.dir/link.txt --verbose=1
/usr/bin/gcc-5      CMakeFiles/cmTC_81a3c.dir/testCCompiler.c.o  -o cmTC_81a3c 
make[1]: Leaving directory '/home/lixing/Algorithm/Course_1/A2/build/CMakeFiles/CMakeTmp'


Detecting C compiler ABI info compiled with the following output:
Change Dir: /home/lixing/Algorithm/Course_1/A2/build/CMakeFiles/CMakeTmp

Run Build Command:"/usr/bin/make" "cmTC_44565/fast"
/usr/bin/make -f CMakeFiles/cmTC_44565.dir/build.make CMakeFiles/cmTC_44565.dir/build
make[1]: Entering directory '/home/lixing/Algorithm/Course_1/A2/build/CMakeFiles/CMakeTmp'
Building C object CMakeFiles/cmTC_44565.dir/CMakeCCompilerABI.c.o
/usr/bin/gcc-5    -o CMakeFiles/cmTC_44565.dir/CMakeCCompilerABI.c.o   -c /opt/cmake-3.9.1/share/cmake-3.9/Modules/CMakeCCompilerABI.c
Linking C executable cmTC_44565
/opt/cmake-3.9.1/bin/cmake -E cmake_link_script CMakeFiles/cmTC_44565.dir/link.txt --verbose=1
/usr/bin/gcc-5      CMakeFiles/cmTC_44565.dir/CMakeCCompilerABI.c.o  -o cmTC_44565 
make[1]: Leaving directory '/home/lixing/Algorithm/Course_1/A2/build/CMakeFiles/CMakeTmp'


Determining if the CXX compiler works passed with the following output:
Change Dir: /home/lixing/Algorithm/Course_1/A2/build/CMakeFiles/CMakeTmp

Run Build Command:"/usr/bin/make" "cmTC_ab835/fast"
/usr/bin/make -f CMakeFiles/cmTC_ab835.dir/build.make CMakeFiles/cmTC_ab835.dir/build
make[1]: Entering directory '/home/lixing/Algorithm/Course_1/A2/build/CMakeFiles/CMakeTmp'
Building CXX object CMakeFiles/cmTC_ab835.dir/testCXXCompiler.cxx.o
/usr/bin/g++-5     -o CMakeFiles/cmTC_ab835.dir/testCXXCompiler.cxx.o -c /home/lixing/Algorithm/Course_1/A2/build/CMakeFiles/CMakeTmp/testCXXCompiler.cxx
Linking CXX executable cmTC_ab835
/opt/cmake-3.9.1/bin/cmake -E cmake_link_script CMakeFiles/cmTC_ab835.dir/link.txt --verbose=1
/usr/bin/g++-5       CMakeFiles/cmTC_ab835.dir/testCXXCompiler.cxx.o  -o cmTC_ab835 
make[1]: Leaving directory '/home/lixing/Algorithm/Course_1/A2/build/CMakeFiles/CMakeTmp'


Detecting CXX compiler ABI info compiled with the following output:
Change Dir: /home/lixing/Algorithm/Course_1/A2/build/CMakeFiles/CMakeTmp

Run Build Command:"/usr/bin/make" "cmTC_2e7aa/fast"
/usr/bin/make -f CMakeFiles/cmTC_2e7aa.dir/build.make CMakeFiles/cmTC_2e7aa.dir/build
make[1]: Entering directory '/home/lixing/Algorithm/Course_1/A2/build/CMakeFiles/CMakeTmp'
Building CXX object CMakeFiles/cmTC_2e7aa.dir/CMakeCXXCompilerABI.cpp.o
/usr/bin/g++-5     -o CMakeFiles/cmTC_2e7aa.dir/CMakeCXXCompilerABI.cpp.o -c /opt/cmake-3.9.1/share/cmake-3.9/Modules/CMakeCXXCompilerABI.cpp
Linking CXX executable cmTC_2e7aa
/opt/cmake-3.9.1/bin/cmake -E cmake_link_script CMakeFiles/cmTC_2e7aa.dir/link.txt --verbose=1
/usr/bin/g++-5       CMakeFiles/cmTC_2e7aa.dir/CMakeCXXCompilerABI.cpp.o  -o cmTC_2e7aa 
make[1]: Leaving directory '/home/lixing/Algorithm/Course_1/A2/build/CMakeFiles/CMakeTmp'


Performing C++ SOURCE FILE Test COMPILER_SUPPORTS_CXX11 succeeded with the following output:
Change Dir: /home/lixing/Algorithm/Course_1/A2/build/CMakeFiles/CMakeTmp

Run Build Command:"/usr/bin/make" "cmTC_d18c2/fast"
/usr/bin/make -f CMakeFiles/cmTC_d18c2.dir/build.make CMakeFiles/cmTC_d18c2.dir/build
make[1]: Entering directory '/home/lixing/Algorithm/Course_1/A2/build/CMakeFiles/CMakeTmp'
Building CXX object CMakeFiles/cmTC_d18c2.dir/src.cxx.o
/usr/bin/g++-5    -DCOMPILER_SUPPORTS_CXX11   -std=c++11 -o CMakeFiles/cmTC_d18c2.dir/src.cxx.o -c /home/lixing/Algorithm/Course_1/A2/build/CMakeFiles/CMakeTmp/src.cxx
Linking CXX executable cmTC_d18c2
/opt/cmake-3.9.1/bin/cmake -E cmake_link_script CMakeFiles/cmTC_d18c2.dir/link.txt --verbose=1
/usr/bin/g++-5   -DCOMPILER_SUPPORTS_CXX11    CMakeFiles/cmTC_d18c2.dir/src.cxx.o  -o cmTC_d18c2 
make[1]: Leaving directory '/home/lixing/Algorithm/Course_1/A2/build/CMakeFiles/CMakeTmp'

Source file was:
int main() { return 0; }
